<?xml version="1.0" encoding="UTF-8"?>
<!-- Generated by org.testng.reporters.JUnitXMLReporter -->
<testsuite hostname="Lenovo-PC" name="Default test" tests="3" failures="0" timestamp="25 Mar 2018 19:45:53 GMT" time="75.775" errors="0">
  <testcase name="addItems" time="15.481" classname="com.tsys.san.bigbasket.testcases.Addproducts"/>
  <testcase name="addItems" time="14.15" classname="com.tsys.san.bigbasket.testcases.Addproducts"/>
  <testcase name="addItems" time="14.819" classname="com.tsys.san.bigbasket.testcases.Addproducts"/>
</testsuite> <!-- Default test -->
