<?xml version="1.0" encoding="UTF-8"?>
<!-- Generated by org.testng.reporters.JUnitXMLReporter -->
<testsuite hostname="Lenovo-PC" name="simpletests" tests="8" failures="3" timestamp="25 Mar 2018 20:20:14 GMT" time="70.129" errors="0">
  <testcase name="@AfterTest quit" time="0.0" classname="com.tsys.san.bigbasket.testcases.AddMoreproducts">
    <failure type="java.lang.NullPointerException">
      <![CDATA[java.lang.NullPointerException
	at org.openqa.selenium.interactions.Actions.<init>(Actions.java:44)
	at com.tsys.san.bigbasket.testcases.Addproducts.EmptyBasket(Addproducts.java:72)
	at com.tsys.san.bigbasket.testcases.Addproducts.quit(Addproducts.java:64)
... Removed 22 stack frames]]>
    </failure>
  </testcase> <!-- @AfterTest quit -->
  <testcase name="addItems" time="0.012" classname="com.tsys.san.bigbasket.testcases.Addproducts">
    <failure type="java.lang.NullPointerException">
      <![CDATA[java.lang.NullPointerException
	at com.tsys.san.bigbasket.testcases.Addproducts.addItems(Addproducts.java:38)
	at java.util.concurrent.ThreadPoolExecutor.runWorker(ThreadPoolExecutor.java:1142)
	at java.util.concurrent.ThreadPoolExecutor$Worker.run(ThreadPoolExecutor.java:617)
	at java.lang.Thread.run(Thread.java:745)
... Removed 10 stack frames]]>
    </failure>
  </testcase> <!-- addItems -->
  <testcase name="addItems" time="0.0" classname="com.tsys.san.bigbasket.testcases.Addproducts">
    <failure type="java.lang.NullPointerException">
      <![CDATA[java.lang.NullPointerException
	at com.tsys.san.bigbasket.testcases.Addproducts.addItems(Addproducts.java:38)
	at java.util.concurrent.ThreadPoolExecutor.runWorker(ThreadPoolExecutor.java:1142)
	at java.util.concurrent.ThreadPoolExecutor$Worker.run(ThreadPoolExecutor.java:617)
	at java.lang.Thread.run(Thread.java:745)
... Removed 10 stack frames]]>
    </failure>
  </testcase> <!-- addItems -->
  <testcase name="addItems" time="0.004" classname="com.tsys.san.bigbasket.testcases.Addproducts">
    <failure type="java.lang.NullPointerException">
      <![CDATA[java.lang.NullPointerException
	at com.tsys.san.bigbasket.testcases.Addproducts.addItems(Addproducts.java:38)
	at java.util.concurrent.ThreadPoolExecutor.runWorker(ThreadPoolExecutor.java:1142)
	at java.util.concurrent.ThreadPoolExecutor$Worker.run(ThreadPoolExecutor.java:617)
	at java.lang.Thread.run(Thread.java:745)
... Removed 10 stack frames]]>
    </failure>
  </testcase> <!-- addItems -->
  <testcase name="addItems" time="27.497" classname="com.tsys.san.bigbasket.testcases.AddMoreproducts"/>
  <testcase name="addItems" time="0.01" classname="com.tsys.san.bigbasket.testcases.AddMoreproducts">
    <skipped/>
  </testcase> <!-- addItems -->
  <testcase name="addItems" time="0.012" classname="com.tsys.san.bigbasket.testcases.AddMoreproducts">
    <skipped/>
  </testcase> <!-- addItems -->
  <testcase name="LoginTests" time="32.579" classname="com.tsys.san.bigbasket.testcases.LoginTest"/>
  <testcase name="LoginTests" time="0.002" classname="com.tsys.san.bigbasket.testcases.LoginTest">
    <skipped/>
  </testcase> <!-- LoginTests -->
</testsuite> <!-- simpletests -->
